<?xml version="1.0" encoding="UTF-8"?>
<!-- Generated by org.testng.reporters.JUnitReportReporter -->
<testsuite hostname="Muthu-PC" name="Example.NewTest" tests="1" failures="0" timestamp="1 Sep 2016 12:18:19 GMT" time="0.002" errors="0">
  <testcase name="f" time="0.002" classname="Example.NewTest"/>
</testsuite> <!-- Example.NewTest -->
